Performing C SOURCE FILE Test CMAKE_HAVE_LIBC_PTHREAD failed with the following output:
Change Dir: /home/dwyaneli/gaofs/cmake-build-debug/CMakeFiles/CMakeTmp

Run Build Command(s):/usr/bin/make cmTC_73165/fast && /usr/bin/make -f CMakeFiles/cmTC_73165.dir/build.make CMakeFiles/cmTC_73165.dir/build
make[1]: Entering directory '/home/dwyaneli/gaofs/cmake-build-debug/CMakeFiles/CMakeTmp'
Building C object CMakeFiles/cmTC_73165.dir/src.c.o
/usr/bin/cc   -DCMAKE_HAVE_LIBC_PTHREAD   -o CMakeFiles/cmTC_73165.dir/src.c.o   -c /home/dwyaneli/gaofs/cmake-build-debug/CMakeFiles/CMakeTmp/src.c
Linking C executable cmTC_73165
/usr/bin/cmake -E cmake_link_script CMakeFiles/cmTC_73165.dir/link.txt --verbose=1
/usr/bin/cc  -DCMAKE_HAVE_LIBC_PTHREAD    CMakeFiles/cmTC_73165.dir/src.c.o  -o cmTC_73165 
/usr/bin/ld: CMakeFiles/cmTC_73165.dir/src.c.o: in function `main':
src.c:(.text+0x46): undefined reference to `pthread_create'
/usr/bin/ld: src.c:(.text+0x52): undefined reference to `pthread_detach'
/usr/bin/ld: src.c:(.text+0x63): undefined reference to `pthread_join'
collect2: error: ld returned 1 exit status
make[1]: *** [CMakeFiles/cmTC_73165.dir/build.make:87: cmTC_73165] Error 1
make[1]: Leaving directory '/home/dwyaneli/gaofs/cmake-build-debug/CMakeFiles/CMakeTmp'
make: *** [Makefile:121: cmTC_73165/fast] Error 2


Source file was:
#include <pthread.h>

void* test_func(void* data)
{
  return data;
}

int main(void)
{
  pthread_t thread;
  pthread_create(&thread, NULL, test_func, NULL);
  pthread_detach(thread);
  pthread_join(thread, NULL);
  pthread_atfork(NULL, NULL, NULL);
  pthread_exit(NULL);

  return 0;
}

Determining if the function pthread_create exists in the pthreads failed with the following output:
Change Dir: /home/dwyaneli/gaofs/cmake-build-debug/CMakeFiles/CMakeTmp

Run Build Command(s):/usr/bin/make cmTC_939aa/fast && /usr/bin/make -f CMakeFiles/cmTC_939aa.dir/build.make CMakeFiles/cmTC_939aa.dir/build
make[1]: Entering directory '/home/dwyaneli/gaofs/cmake-build-debug/CMakeFiles/CMakeTmp'
Building C object CMakeFiles/cmTC_939aa.dir/CheckFunctionExists.c.o
/usr/bin/cc   -DCHECK_FUNCTION_EXISTS=pthread_create   -o CMakeFiles/cmTC_939aa.dir/CheckFunctionExists.c.o   -c /usr/share/cmake-3.16/Modules/CheckFunctionExists.c
Linking C executable cmTC_939aa
/usr/bin/cmake -E cmake_link_script CMakeFiles/cmTC_939aa.dir/link.txt --verbose=1
/usr/bin/cc  -DCHECK_FUNCTION_EXISTS=pthread_create    CMakeFiles/cmTC_939aa.dir/CheckFunctionExists.c.o  -o cmTC_939aa  -lpthreads 
/usr/bin/ld: cannot find -lpthreads
collect2: error: ld returned 1 exit status
make[1]: *** [CMakeFiles/cmTC_939aa.dir/build.make:87: cmTC_939aa] Error 1
make[1]: Leaving directory '/home/dwyaneli/gaofs/cmake-build-debug/CMakeFiles/CMakeTmp'
make: *** [Makefile:121: cmTC_939aa/fast] Error 2



Performing C++ SOURCE FILE Test HAS_LIBURING failed with the following output:
Change Dir: /home/dwyaneli/gaofs/cmake-build-debug/CMakeFiles/CMakeTmp

Run Build Command(s):/usr/bin/make cmTC_bfaa3/fast && /usr/bin/make -f CMakeFiles/cmTC_bfaa3.dir/build.make CMakeFiles/cmTC_bfaa3.dir/build
make[1]: Entering directory '/home/dwyaneli/gaofs/cmake-build-debug/CMakeFiles/CMakeTmp'
Building CXX object CMakeFiles/cmTC_bfaa3.dir/src.cxx.o
/usr/bin/c++    -DHAS_LIBURING -luring   -std=gnu++17 -o CMakeFiles/cmTC_bfaa3.dir/src.cxx.o -c /home/dwyaneli/gaofs/cmake-build-debug/CMakeFiles/CMakeTmp/src.cxx
/home/dwyaneli/gaofs/cmake-build-debug/CMakeFiles/CMakeTmp/src.cxx:2:18: fatal error: liburing.h: No such file or directory
    2 |         #include <liburing.h>
      |                  ^~~~~~~~~~~~
compilation terminated.
make[1]: *** [CMakeFiles/cmTC_bfaa3.dir/build.make:66: CMakeFiles/cmTC_bfaa3.dir/src.cxx.o] Error 1
make[1]: Leaving directory '/home/dwyaneli/gaofs/cmake-build-debug/CMakeFiles/CMakeTmp'
make: *** [Makefile:121: cmTC_bfaa3/fast] Error 2


Source file was:

        #include <liburing.h>
        int main() {
          struct io_uring ring;
          io_uring_queue_init(1, &ring, 0);
          return 0;
        }
        
